<?xml version="1.0" encoding="UTF-8"?>
<testsuite xmlns:xsi="http://www.w3.org/2001/XMLSchema-instance" xsi:noNamespaceSchemaLocation="https://maven.apache.org/surefire/maven-surefire-plugin/xsd/surefire-test-report-3.0.xsd" version="3.0" name="com.progressSoft.clusteredDataWarehouse.service.serviceImpl.ForexDealServiceImplTest" time="1.193" tests="5" errors="0" skipped="0" failures="0">
  <properties>
[...]
</properties>
  <testcase name="shouldSaveDealIfUniqueIdIsUnique" classname="com.progressSoft.clusteredDataWarehouse.service.serviceImpl.ForexDealServiceImplTest" time="1.071">
    <system-out><![CDATA[2024-01-14T19:56:10.189+01:00  INFO 25583 --- [           main] c.p.c.s.s.ForexDealServiceImpl           : FxDeal saved successfully
]]></system-out>
  </testcase>
  <testcase name="shouldThrowExceptionWhenUniqueIdAlreadyExists" classname="com.progressSoft.clusteredDataWarehouse.service.serviceImpl.ForexDealServiceImplTest" time="0.027">
    <system-out><![CDATA[2024-01-14T19:56:10.252+01:00 ERROR 25583 --- [           main] c.p.c.s.s.ForexDealServiceImpl           : Error while creating and saving ForexDeal: Forex Deal already exists
]]></system-out>
  </testcase>
  <testcase name="shouldGetDealByUniqueId" classname="com.progressSoft.clusteredDataWarehouse.service.serviceImpl.ForexDealServiceImplTest" time="0.013"/>
  <testcase name="shouldThrowInvalidISOExceptionWhenFromCurrencyIsInvalid" classname="com.progressSoft.clusteredDataWarehouse.service.serviceImpl.ForexDealServiceImplTest" time="0.019">
    <system-out><![CDATA[2024-01-14T19:56:10.294+01:00 ERROR 25583 --- [           main] c.p.c.s.s.ForexDealServiceImpl           : Error while creating and saving ForexDeal: null
]]></system-out>
  </testcase>
  <testcase name="shouldThrowInvalidISOExceptionWhenToCurrencyIsInvalid" classname="com.progressSoft.clusteredDataWarehouse.service.serviceImpl.ForexDealServiceImplTest" time="0.035">
    <system-out><![CDATA[2024-01-14T19:56:10.329+01:00 ERROR 25583 --- [           main] c.p.c.s.s.ForexDealServiceImpl           : Error while creating and saving ForexDeal: null
]]></system-out>
  </testcase>
</testsuite>